{"/Users/brianbacon/Projects/pegs-jokers/src/app/layout.tsx": {"path":"/Users/brianbacon/Projects/pegs-jokers/src/app/layout.tsx","statementMap":{"0":{"start":{"line":1,"column":24},"end":{"line":4,"column":1}},"1":{"start":{"line":7,"column":2},"end":{"line":11,"column":4}}},"fnMap":{"0":{"name":"RootLayout","decl":{"start":{"line":6,"column":24},"end":{"line":6,"column":34}},"loc":{"start":{"line":6,"column":80},"end":{"line":12,"column":1}},"line":6}},"branchMap":{},"s":{"0":0,"1":0},"f":{"0":0},"b":{}}
,"/Users/brianbacon/Projects/pegs-jokers/src/app/page.tsx": {"path":"/Users/brianbacon/Projects/pegs-jokers/src/app/page.tsx","statementMap":{"0":{"start":{"line":6,"column":2},"end":{"line":6,"column":23}}},"fnMap":{"0":{"name":"Page","decl":{"start":{"line":5,"column":24},"end":{"line":5,"column":28}},"loc":{"start":{"line":5,"column":31},"end":{"line":7,"column":1}},"line":5}},"branchMap":{},"s":{"0":0},"f":{"0":0},"b":{}}
,"/Users/brianbacon/Projects/pegs-jokers/src/components/board/TrackDemo.tsx": {"path":"/Users/brianbacon/Projects/pegs-jokers/src/components/board/TrackDemo.tsx","statementMap":{"0":{"start":{"line":7,"column":43},"end":{"line":162,"column":1}},"1":{"start":{"line":8,"column":84},"end":{"line":8,"column":93}},"2":{"start":{"line":10,"column":13},"end":{"line":10,"column":21}},"3":{"start":{"line":11,"column":13},"end":{"line":11,"column":21}},"4":{"start":{"line":12,"column":17},"end":{"line":12,"column":28}},"5":{"start":{"line":13,"column":16},"end":{"line":13,"column":28}},"6":{"start":{"line":15,"column":18},"end":{"line":17,"column":3}},"7":{"start":{"line":16,"column":4},"end":{"line":16,"column":47}},"8":{"start":{"line":19,"column":17},"end":{"line":27,"column":3}},"9":{"start":{"line":20,"column":21},"end":{"line":20,"column":35}},"10":{"start":{"line":21,"column":4},"end":{"line":26,"column":6}},"11":{"start":{"line":29,"column":21},"end":{"line":29,"column":75}},"12":{"start":{"line":30,"column":2},"end":{"line":38,"column":4}},"13":{"start":{"line":31,"column":4},"end":{"line":37,"column":6}},"14":{"start":{"line":32,"column":6},"end":{"line":36,"column":7}},"15":{"start":{"line":33,"column":20},"end":{"line":33,"column":48}},"16":{"start":{"line":34,"column":8},"end":{"line":34,"column":50}},"17":{"start":{"line":35,"column":8},"end":{"line":35,"column":36}},"18":{"start":{"line":40,"column":2},"end":{"line":161,"column":4}},"19":{"start":{"line":54,"column":24},"end":{"line":54,"column":37}},"20":{"start":{"line":55,"column":21},"end":{"line":55,"column":49}},"21":{"start":{"line":56,"column":21},"end":{"line":56,"column":72}},"22":{"start":{"line":57,"column":24},"end":{"line":57,"column":44}},"23":{"start":{"line":58,"column":25},"end":{"line":58,"column":36}},"24":{"start":{"line":59,"column":33},"end":{"line":59,"column":35}},"25":{"start":{"line":60,"column":10},"end":{"line":65,"column":11}},"26":{"start":{"line":60,"column":23},"end":{"line":60,"column":24}},"27":{"start":{"line":61,"column":22},"end":{"line":61,"column":31}},"28":{"start":{"line":62,"column":22},"end":{"line":62,"column":40}},"29":{"start":{"line":63,"column":29},"end":{"line":63,"column":57}},"30":{"start":{"line":64,"column":12},"end":{"line":64,"column":57}},"31":{"start":{"line":66,"column":10},"end":{"line":75,"column":12}},"32":{"start":{"line":79,"column":10},"end":{"line":83,"column":14}},"33":{"start":{"line":79,"column":63},"end":{"line":79,"column":83}},"34":{"start":{"line":87,"column":10},"end":{"line":90,"column":14}},"35":{"start":{"line":94,"column":27},"end":{"line":94,"column":40}},"36":{"start":{"line":95,"column":10},"end":{"line":112,"column":12}},"37":{"start":{"line":98,"column":16},"end":{"line":109,"column":18}},"38":{"start":{"line":116,"column":23},"end":{"line":116,"column":62}},"39":{"start":{"line":116,"column":45},"end":{"line":116,"column":61}},"40":{"start":{"line":117,"column":10},"end":{"line":117,"column":45}},"41":{"start":{"line":117,"column":33},"end":{"line":117,"column":45}},"42":{"start":{"line":118,"column":27},"end":{"line":118,"column":82}},"43":{"start":{"line":119,"column":20},"end":{"line":119,"column":51}},"44":{"start":{"line":120,"column":27},"end":{"line":120,"column":60}},"45":{"start":{"line":121,"column":10},"end":{"line":131,"column":12}},"46":{"start":{"line":125,"column":16},"end":{"line":128,"column":20}},"47":{"start":{"line":125,"column":49},"end":{"line":125,"column":75}},"48":{"start":{"line":143,"column":10},"end":{"line":157,"column":16}},"49":{"start":{"line":148,"column":16},"end":{"line":154,"column":25}},"50":{"start":{"line":150,"column":33},"end":{"line":150,"column":59}},"51":{"start":{"line":165,"column":2},"end":{"line":173,"column":4}}},"fnMap":{"0":{"name":"(anonymous_0)","decl":{"start":{"line":7,"column":43},"end":{"line":7,"column":44}},"loc":{"start":{"line":7,"column":63},"end":{"line":162,"column":1}},"line":7},"1":{"name":"(anonymous_1)","decl":{"start":{"line":15,"column":53},"end":{"line":15,"column":54}},"loc":{"start":{"line":16,"column":4},"end":{"line":16,"column":47}},"line":16},"2":{"name":"(anonymous_2)","decl":{"start":{"line":19,"column":17},"end":{"line":19,"column":18}},"loc":{"start":{"line":19,"column":140},"end":{"line":27,"column":3}},"line":19},"3":{"name":"(anonymous_3)","decl":{"start":{"line":30,"column":18},"end":{"line":30,"column":19}},"loc":{"start":{"line":31,"column":4},"end":{"line":37,"column":6}},"line":31},"4":{"name":"(anonymous_4)","decl":{"start":{"line":31,"column":20},"end":{"line":31,"column":21}},"loc":{"start":{"line":31,"column":28},"end":{"line":37,"column":5}},"line":31},"5":{"name":"(anonymous_5)","decl":{"start":{"line":53,"column":21},"end":{"line":53,"column":22}},"loc":{"start":{"line":53,"column":29},"end":{"line":76,"column":9}},"line":53},"6":{"name":"(anonymous_6)","decl":{"start":{"line":78,"column":21},"end":{"line":78,"column":22}},"loc":{"start":{"line":79,"column":10},"end":{"line":83,"column":14}},"line":79},"7":{"name":"(anonymous_7)","decl":{"start":{"line":79,"column":57},"end":{"line":79,"column":58}},"loc":{"start":{"line":79,"column":63},"end":{"line":79,"column":83}},"line":79},"8":{"name":"(anonymous_8)","decl":{"start":{"line":86,"column":21},"end":{"line":86,"column":22}},"loc":{"start":{"line":87,"column":10},"end":{"line":90,"column":14}},"line":87},"9":{"name":"(anonymous_9)","decl":{"start":{"line":93,"column":46},"end":{"line":93,"column":47}},"loc":{"start":{"line":93,"column":65},"end":{"line":113,"column":9}},"line":93},"10":{"name":"(anonymous_10)","decl":{"start":{"line":97,"column":25},"end":{"line":97,"column":26}},"loc":{"start":{"line":98,"column":16},"end":{"line":109,"column":18}},"line":98},"11":{"name":"(anonymous_11)","decl":{"start":{"line":115,"column":21},"end":{"line":115,"column":22}},"loc":{"start":{"line":115,"column":29},"end":{"line":132,"column":9}},"line":115},"12":{"name":"(anonymous_12)","decl":{"start":{"line":116,"column":38},"end":{"line":116,"column":39}},"loc":{"start":{"line":116,"column":45},"end":{"line":116,"column":61}},"line":116},"13":{"name":"(anonymous_13)","decl":{"start":{"line":124,"column":24},"end":{"line":124,"column":25}},"loc":{"start":{"line":125,"column":16},"end":{"line":128,"column":20}},"line":125},"14":{"name":"(anonymous_14)","decl":{"start":{"line":125,"column":43},"end":{"line":125,"column":44}},"loc":{"start":{"line":125,"column":49},"end":{"line":125,"column":75}},"line":125},"15":{"name":"(anonymous_15)","decl":{"start":{"line":142,"column":21},"end":{"line":142,"column":22}},"loc":{"start":{"line":143,"column":10},"end":{"line":157,"column":16}},"line":143},"16":{"name":"(anonymous_16)","decl":{"start":{"line":147,"column":27},"end":{"line":147,"column":28}},"loc":{"start":{"line":148,"column":16},"end":{"line":154,"column":25}},"line":148},"17":{"name":"(anonymous_17)","decl":{"start":{"line":150,"column":27},"end":{"line":150,"column":28}},"loc":{"start":{"line":150,"column":33},"end":{"line":150,"column":59}},"line":150},"18":{"name":"TrackDemo","decl":{"start":{"line":164,"column":24},"end":{"line":164,"column":33}},"loc":{"start":{"line":164,"column":36},"end":{"line":174,"column":1}},"line":164}},"branchMap":{"0":{"loc":{"start":{"line":7,"column":46},"end":{"line":7,"column":56}},"type":"default-arg","locations":[{"start":{"line":7,"column":53},"end":{"line":7,"column":56}}],"line":7},"1":{"loc":{"start":{"line":19,"column":34},"end":{"line":19,"column":49}},"type":"default-arg","locations":[{"start":{"line":19,"column":43},"end":{"line":19,"column":49}}],"line":19},"2":{"loc":{"start":{"line":19,"column":51},"end":{"line":19,"column":65}},"type":"default-arg","locations":[{"start":{"line":19,"column":59},"end":{"line":19,"column":65}}],"line":19},"3":{"loc":{"start":{"line":32,"column":6},"end":{"line":36,"column":7}},"type":"if","locations":[{"start":{"line":32,"column":6},"end":{"line":36,"column":7}},{"start":{},"end":{}}],"line":32},"4":{"loc":{"start":{"line":33,"column":20},"end":{"line":33,"column":48}},"type":"binary-expr","locations":[{"start":{"line":33,"column":20},"end":{"line":33,"column":42}},{"start":{"line":33,"column":46},"end":{"line":33,"column":48}}],"line":33},"5":{"loc":{"start":{"line":64,"column":25},"end":{"line":64,"column":44}},"type":"cond-expr","locations":[{"start":{"line":64,"column":35},"end":{"line":64,"column":38}},{"start":{"line":64,"column":41},"end":{"line":64,"column":44}}],"line":64},"6":{"loc":{"start":{"line":117,"column":10},"end":{"line":117,"column":45}},"type":"if","locations":[{"start":{"line":117,"column":10},"end":{"line":117,"column":45}},{"start":{},"end":{}}],"line":117},"7":{"loc":{"start":{"line":134,"column":9},"end":{"line":138,"column":9}},"type":"binary-expr","locations":[{"start":{"line":134,"column":9},"end":{"line":134,"column":20}},{"start":{"line":135,"column":10},"end":{"line":137,"column":17}}],"line":134},"8":{"loc":{"start":{"line":151,"column":70},"end":{"line":151,"column":149}},"type":"cond-expr","locations":[{"start":{"line":151,"column":99},"end":{"line":151,"column":128}},{"start":{"line":151,"column":131},"end":{"line":151,"column":149}}],"line":151},"9":{"loc":{"start":{"line":153,"column":31},"end":{"line":153,"column":81}},"type":"cond-expr","locations":[{"start":{"line":153,"column":60},"end":{"line":153,"column":72}},{"start":{"line":153,"column":75},"end":{"line":153,"column":81}}],"line":153}},"s":{"0":0,"1":0,"2":0,"3":0,"4":0,"5":0,"6":0,"7":0,"8":0,"9":0,"10":0,"11":0,"12":0,"13":0,"14":0,"15":0,"16":0,"17":0,"18":0,"19":0,"20":0,"21":0,"22":0,"23":0,"24":0,"25":0,"26":0,"27":0,"28":0,"29":0,"30":0,"31":0,"32":0,"33":0,"34":0,"35":0,"36":0,"37":0,"38":0,"39":0,"40":0,"41":0,"42":0,"43":0,"44":0,"45":0,"46":0,"47":0,"48":0,"49":0,"50":0,"51":0},"f":{"0":0,"1":0,"2":0,"3":0,"4":0,"5":0,"6":0,"7":0,"8":0,"9":0,"10":0,"11":0,"12":0,"13":0,"14":0,"15":0,"16":0,"17":0,"18":0},"b":{"0":[0],"1":[0],"2":[0],"3":[0,0],"4":[0,0],"5":[0,0],"6":[0,0],"7":[0,0],"8":[0,0],"9":[0,0]}}
,"/Users/brianbacon/Projects/pegs-jokers/src/components/board/geometry.ts": {"path":"/Users/brianbacon/Projects/pegs-jokers/src/components/board/geometry.ts","statementMap":{"0":{"start":{"line":2,"column":2},"end":{"line":5,"column":4}},"1":{"start":{"line":13,"column":2},"end":{"line":13,"column":59}},"2":{"start":{"line":24,"column":12},"end":{"line":24,"column":54}},"3":{"start":{"line":25,"column":2},"end":{"line":25,"column":33}}},"fnMap":{"0":{"name":"polarToXY","decl":{"start":{"line":1,"column":16},"end":{"line":1,"column":25}},"loc":{"start":{"line":1,"column":79},"end":{"line":6,"column":1}},"line":1},"1":{"name":"slotAngle","decl":{"start":{"line":8,"column":16},"end":{"line":8,"column":25}},"loc":{"start":{"line":12,"column":2},"end":{"line":14,"column":1}},"line":12},"2":{"name":"slotPosition","decl":{"start":{"line":16,"column":16},"end":{"line":16,"column":28}},"loc":{"start":{"line":23,"column":2},"end":{"line":26,"column":1}},"line":23}},"branchMap":{"0":{"loc":{"start":{"line":11,"column":2},"end":{"line":11,"column":42}},"type":"default-arg","locations":[{"start":{"line":11,"column":30},"end":{"line":11,"column":42}}],"line":11}},"s":{"0":0,"1":0,"2":0,"3":0},"f":{"0":0,"1":0,"2":0},"b":{"0":[0]}}
,"/Users/brianbacon/Projects/pegs-jokers/src/components/board/useGame.ts": {"path":"/Users/brianbacon/Projects/pegs-jokers/src/components/board/useGame.ts","statementMap":{"0":{"start":{"line":47,"column":23},"end":{"line":272,"column":1}},"1":{"start":{"line":49,"column":24},"end":{"line":49,"column":25}},"2":{"start":{"line":50,"column":27},"end":{"line":50,"column":29}},"3":{"start":{"line":51,"column":23},"end":{"line":51,"column":51}},"4":{"start":{"line":54,"column":44},"end":{"line":54,"column":48}},"5":{"start":{"line":55,"column":44},"end":{"line":55,"column":48}},"6":{"start":{"line":57,"column":21},"end":{"line":66,"column":5}},"7":{"start":{"line":58,"column":25},"end":{"line":58,"column":43}},"8":{"start":{"line":59,"column":29},"end":{"line":59,"column":75}},"9":{"start":{"line":60,"column":19},"end":{"line":63,"column":9}},"10":{"start":{"line":60,"column":56},"end":{"line":63,"column":7}},"11":{"start":{"line":64,"column":6},"end":{"line":64,"column":31}},"12":{"start":{"line":65,"column":6},"end":{"line":65,"column":80}},"13":{"start":{"line":68,"column":30},"end":{"line":73,"column":5}},"14":{"start":{"line":68,"column":36},"end":{"line":73,"column":5}},"15":{"start":{"line":75,"column":4},"end":{"line":270,"column":6}},"16":{"start":{"line":89,"column":8},"end":{"line":91,"column":10}},"17":{"start":{"line":90,"column":10},"end":{"line":90,"column":50}},"18":{"start":{"line":95,"column":22},"end":{"line":95,"column":27}},"19":{"start":{"line":96,"column":20},"end":{"line":96,"column":37}},"20":{"start":{"line":97,"column":8},"end":{"line":97,"column":25}},"21":{"start":{"line":97,"column":18},"end":{"line":97,"column":25}},"22":{"start":{"line":100,"column":8},"end":{"line":108,"column":11}},"23":{"start":{"line":101,"column":25},"end":{"line":101,"column":73}},"24":{"start":{"line":101,"column":51},"end":{"line":101,"column":72}},"25":{"start":{"line":102,"column":10},"end":{"line":102,"column":30}},"26":{"start":{"line":102,"column":23},"end":{"line":102,"column":30}},"27":{"start":{"line":103,"column":22},"end":{"line":103,"column":70}},"28":{"start":{"line":103,"column":47},"end":{"line":103,"column":69}},"29":{"start":{"line":104,"column":10},"end":{"line":106,"column":11}},"30":{"start":{"line":105,"column":12},"end":{"line":105,"column":32}},"31":{"start":{"line":107,"column":10},"end":{"line":107,"column":35}},"32":{"start":{"line":111,"column":8},"end":{"line":130,"column":9}},"33":{"start":{"line":112,"column":10},"end":{"line":129,"column":11}},"34":{"start":{"line":113,"column":33},"end":{"line":113,"column":38}},"35":{"start":{"line":114,"column":12},"end":{"line":114,"column":100}},"36":{"start":{"line":117,"column":28},"end":{"line":117,"column":78}},"37":{"start":{"line":118,"column":12},"end":{"line":123,"column":15}},"38":{"start":{"line":125,"column":12},"end":{"line":125,"column":83}},"39":{"start":{"line":127,"column":12},"end":{"line":127,"column":71}},"40":{"start":{"line":140,"column":8},"end":{"line":176,"column":9}},"41":{"start":{"line":141,"column":10},"end":{"line":143,"column":13}},"42":{"start":{"line":142,"column":12},"end":{"line":142,"column":50}},"43":{"start":{"line":146,"column":27},"end":{"line":146,"column":49}},"44":{"start":{"line":147,"column":29},"end":{"line":147,"column":43}},"45":{"start":{"line":148,"column":25},"end":{"line":148,"column":40}},"46":{"start":{"line":150,"column":35},"end":{"line":158,"column":11}},"47":{"start":{"line":160,"column":10},"end":{"line":160,"column":58}},"48":{"start":{"line":162,"column":10},"end":{"line":166,"column":13}},"49":{"start":{"line":163,"column":12},"end":{"line":163,"column":34}},"50":{"start":{"line":164,"column":12},"end":{"line":164,"column":49}},"51":{"start":{"line":165,"column":12},"end":{"line":165,"column":37}},"52":{"start":{"line":168,"column":10},"end":{"line":168,"column":56}},"53":{"start":{"line":169,"column":10},"end":{"line":169,"column":24}},"54":{"start":{"line":171,"column":10},"end":{"line":171,"column":59}},"55":{"start":{"line":172,"column":10},"end":{"line":174,"column":13}},"56":{"start":{"line":173,"column":12},"end":{"line":173,"column":45}},"57":{"start":{"line":175,"column":10},"end":{"line":175,"column":22}},"58":{"start":{"line":180,"column":8},"end":{"line":222,"column":9}},"59":{"start":{"line":181,"column":10},"end":{"line":183,"column":13}},"60":{"start":{"line":182,"column":12},"end":{"line":182,"column":50}},"61":{"start":{"line":185,"column":10},"end":{"line":185,"column":53}},"62":{"start":{"line":188,"column":10},"end":{"line":206,"column":13}},"63":{"start":{"line":189,"column":29},"end":{"line":189,"column":43}},"64":{"start":{"line":190,"column":12},"end":{"line":199,"column":13}},"65":{"start":{"line":191,"column":14},"end":{"line":191,"column":65}},"66":{"start":{"line":192,"column":14},"end":{"line":198,"column":17}},"67":{"start":{"line":194,"column":16},"end":{"line":194,"column":66}},"68":{"start":{"line":195,"column":16},"end":{"line":195,"column":60}},"69":{"start":{"line":196,"column":16},"end":{"line":196,"column":75}},"70":{"start":{"line":201,"column":12},"end":{"line":201,"column":63}},"71":{"start":{"line":202,"column":12},"end":{"line":205,"column":15}},"72":{"start":{"line":203,"column":14},"end":{"line":203,"column":47}},"73":{"start":{"line":204,"column":14},"end":{"line":204,"column":40}},"74":{"start":{"line":208,"column":10},"end":{"line":212,"column":13}},"75":{"start":{"line":209,"column":12},"end":{"line":209,"column":34}},"76":{"start":{"line":210,"column":12},"end":{"line":210,"column":49}},"77":{"start":{"line":211,"column":12},"end":{"line":211,"column":37}},"78":{"start":{"line":214,"column":10},"end":{"line":214,"column":49}},"79":{"start":{"line":216,"column":10},"end":{"line":216,"column":57}},"80":{"start":{"line":217,"column":10},"end":{"line":220,"column":13}},"81":{"start":{"line":218,"column":12},"end":{"line":218,"column":45}},"82":{"start":{"line":219,"column":12},"end":{"line":219,"column":38}},"83":{"start":{"line":221,"column":10},"end":{"line":221,"column":22}},"84":{"start":{"line":227,"column":8},"end":{"line":230,"column":9}},"85":{"start":{"line":228,"column":10},"end":{"line":228,"column":25}},"86":{"start":{"line":229,"column":10},"end":{"line":229,"column":30}},"87":{"start":{"line":233,"column":8},"end":{"line":233,"column":23}},"88":{"start":{"line":236,"column":8},"end":{"line":243,"column":11}},"89":{"start":{"line":237,"column":10},"end":{"line":237,"column":30}},"90":{"start":{"line":238,"column":10},"end":{"line":238,"column":36}},"91":{"start":{"line":239,"column":10},"end":{"line":239,"column":50}},"92":{"start":{"line":240,"column":10},"end":{"line":240,"column":35}},"93":{"start":{"line":242,"column":10},"end":{"line":242,"column":46}},"94":{"start":{"line":245,"column":8},"end":{"line":245,"column":40}},"95":{"start":{"line":249,"column":22},"end":{"line":249,"column":27}},"96":{"start":{"line":250,"column":8},"end":{"line":253,"column":9}},"97":{"start":{"line":251,"column":10},"end":{"line":251,"column":66}},"98":{"start":{"line":252,"column":10},"end":{"line":252,"column":17}},"99":{"start":{"line":255,"column":8},"end":{"line":268,"column":9}},"100":{"start":{"line":256,"column":27},"end":{"line":261,"column":11}},"101":{"start":{"line":263,"column":10},"end":{"line":263,"column":47}},"102":{"start":{"line":264,"column":10},"end":{"line":264,"column":58}},"103":{"start":{"line":266,"column":10},"end":{"line":266,"column":64}},"104":{"start":{"line":267,"column":10},"end":{"line":267,"column":22}}},"fnMap":{"0":{"name":"(anonymous_0)","decl":{"start":{"line":48,"column":8},"end":{"line":48,"column":9}},"loc":{"start":{"line":48,"column":22},"end":{"line":271,"column":3}},"line":48},"1":{"name":"(anonymous_1)","decl":{"start":{"line":57,"column":21},"end":{"line":57,"column":22}},"loc":{"start":{"line":57,"column":73},"end":{"line":66,"column":5}},"line":57},"2":{"name":"(anonymous_2)","decl":{"start":{"line":60,"column":45},"end":{"line":60,"column":46}},"loc":{"start":{"line":60,"column":56},"end":{"line":63,"column":7}},"line":60},"3":{"name":"(anonymous_3)","decl":{"start":{"line":68,"column":30},"end":{"line":68,"column":31}},"loc":{"start":{"line":68,"column":36},"end":{"line":73,"column":5}},"line":68},"4":{"name":"(anonymous_4)","decl":{"start":{"line":88,"column":17},"end":{"line":88,"column":18}},"loc":{"start":{"line":89,"column":8},"end":{"line":91,"column":10}},"line":89},"5":{"name":"(anonymous_5)","decl":{"start":{"line":89,"column":12},"end":{"line":89,"column":13}},"loc":{"start":{"line":89,"column":23},"end":{"line":91,"column":9}},"line":89},"6":{"name":"(anonymous_6)","decl":{"start":{"line":94,"column":25},"end":{"line":94,"column":26}},"loc":{"start":{"line":94,"column":46},"end":{"line":131,"column":7}},"line":94},"7":{"name":"(anonymous_7)","decl":{"start":{"line":100,"column":12},"end":{"line":100,"column":13}},"loc":{"start":{"line":100,"column":23},"end":{"line":108,"column":9}},"line":100},"8":{"name":"(anonymous_8)","decl":{"start":{"line":101,"column":44},"end":{"line":101,"column":45}},"loc":{"start":{"line":101,"column":51},"end":{"line":101,"column":72}},"line":101},"9":{"name":"(anonymous_9)","decl":{"start":{"line":103,"column":39},"end":{"line":103,"column":40}},"loc":{"start":{"line":103,"column":47},"end":{"line":103,"column":69}},"line":103},"10":{"name":"(anonymous_10)","decl":{"start":{"line":133,"column":16},"end":{"line":133,"column":17}},"loc":{"start":{"line":133,"column":22},"end":{"line":136,"column":7}},"line":133},"11":{"name":"(anonymous_11)","decl":{"start":{"line":139,"column":18},"end":{"line":139,"column":19}},"loc":{"start":{"line":139,"column":30},"end":{"line":177,"column":7}},"line":139},"12":{"name":"(anonymous_12)","decl":{"start":{"line":141,"column":14},"end":{"line":141,"column":15}},"loc":{"start":{"line":141,"column":25},"end":{"line":143,"column":11}},"line":141},"13":{"name":"(anonymous_13)","decl":{"start":{"line":162,"column":14},"end":{"line":162,"column":15}},"loc":{"start":{"line":162,"column":25},"end":{"line":166,"column":11}},"line":162},"14":{"name":"(anonymous_14)","decl":{"start":{"line":172,"column":14},"end":{"line":172,"column":15}},"loc":{"start":{"line":172,"column":25},"end":{"line":174,"column":11}},"line":172},"15":{"name":"(anonymous_15)","decl":{"start":{"line":179,"column":16},"end":{"line":179,"column":17}},"loc":{"start":{"line":179,"column":42},"end":{"line":223,"column":7}},"line":179},"16":{"name":"(anonymous_16)","decl":{"start":{"line":181,"column":14},"end":{"line":181,"column":15}},"loc":{"start":{"line":181,"column":25},"end":{"line":183,"column":11}},"line":181},"17":{"name":"(anonymous_17)","decl":{"start":{"line":188,"column":42},"end":{"line":188,"column":43}},"loc":{"start":{"line":188,"column":56},"end":{"line":200,"column":11}},"line":188},"18":{"name":"(anonymous_18)","decl":{"start":{"line":192,"column":18},"end":{"line":192,"column":19}},"loc":{"start":{"line":192,"column":29},"end":{"line":198,"column":15}},"line":192},"19":{"name":"(anonymous_19)","decl":{"start":{"line":200,"column":13},"end":{"line":200,"column":14}},"loc":{"start":{"line":200,"column":24},"end":{"line":206,"column":11}},"line":200},"20":{"name":"(anonymous_20)","decl":{"start":{"line":202,"column":16},"end":{"line":202,"column":17}},"loc":{"start":{"line":202,"column":27},"end":{"line":205,"column":13}},"line":202},"21":{"name":"(anonymous_21)","decl":{"start":{"line":208,"column":14},"end":{"line":208,"column":15}},"loc":{"start":{"line":208,"column":25},"end":{"line":212,"column":11}},"line":208},"22":{"name":"(anonymous_22)","decl":{"start":{"line":217,"column":14},"end":{"line":217,"column":15}},"loc":{"start":{"line":217,"column":25},"end":{"line":220,"column":11}},"line":217},"23":{"name":"(anonymous_23)","decl":{"start":{"line":225,"column":17},"end":{"line":225,"column":18}},"loc":{"start":{"line":225,"column":23},"end":{"line":246,"column":7}},"line":225},"24":{"name":"(anonymous_24)","decl":{"start":{"line":236,"column":12},"end":{"line":236,"column":13}},"loc":{"start":{"line":236,"column":23},"end":{"line":243,"column":9}},"line":236},"25":{"name":"(anonymous_25)","decl":{"start":{"line":248,"column":22},"end":{"line":248,"column":23}},"loc":{"start":{"line":248,"column":34},"end":{"line":269,"column":7}},"line":248}},"branchMap":{"0":{"loc":{"start":{"line":97,"column":8},"end":{"line":97,"column":25}},"type":"if","locations":[{"start":{"line":97,"column":8},"end":{"line":97,"column":25}},{"start":{},"end":{}}],"line":97},"1":{"loc":{"start":{"line":102,"column":10},"end":{"line":102,"column":30}},"type":"if","locations":[{"start":{"line":102,"column":10},"end":{"line":102,"column":30}},{"start":{},"end":{}}],"line":102},"2":{"loc":{"start":{"line":104,"column":10},"end":{"line":106,"column":11}},"type":"if","locations":[{"start":{"line":104,"column":10},"end":{"line":106,"column":11}},{"start":{},"end":{}}],"line":104},"3":{"loc":{"start":{"line":111,"column":8},"end":{"line":130,"column":9}},"type":"if","locations":[{"start":{"line":111,"column":8},"end":{"line":130,"column":9}},{"start":{},"end":{}}],"line":111},"4":{"loc":{"start":{"line":111,"column":12},"end":{"line":111,"column":35}},"type":"binary-expr","locations":[{"start":{"line":111,"column":12},"end":{"line":111,"column":24}},{"start":{"line":111,"column":28},"end":{"line":111,"column":35}}],"line":111},"5":{"loc":{"start":{"line":190,"column":12},"end":{"line":199,"column":13}},"type":"if","locations":[{"start":{"line":190,"column":12},"end":{"line":199,"column":13}},{"start":{},"end":{}}],"line":190},"6":{"loc":{"start":{"line":194,"column":32},"end":{"line":194,"column":65}},"type":"binary-expr","locations":[{"start":{"line":194,"column":32},"end":{"line":194,"column":48}},{"start":{"line":194,"column":52},"end":{"line":194,"column":65}}],"line":194},"7":{"loc":{"start":{"line":195,"column":30},"end":{"line":195,"column":59}},"type":"binary-expr","locations":[{"start":{"line":195,"column":30},"end":{"line":195,"column":44}},{"start":{"line":195,"column":48},"end":{"line":195,"column":59}}],"line":195},"8":{"loc":{"start":{"line":196,"column":35},"end":{"line":196,"column":74}},"type":"binary-expr","locations":[{"start":{"line":196,"column":35},"end":{"line":196,"column":54}},{"start":{"line":196,"column":58},"end":{"line":196,"column":74}}],"line":196},"9":{"loc":{"start":{"line":227,"column":8},"end":{"line":230,"column":9}},"type":"if","locations":[{"start":{"line":227,"column":8},"end":{"line":230,"column":9}},{"start":{},"end":{}}],"line":227},"10":{"loc":{"start":{"line":250,"column":8},"end":{"line":253,"column":9}},"type":"if","locations":[{"start":{"line":250,"column":8},"end":{"line":253,"column":9}},{"start":{},"end":{}}],"line":250},"11":{"loc":{"start":{"line":250,"column":12},"end":{"line":250,"column":37}},"type":"binary-expr","locations":[{"start":{"line":250,"column":12},"end":{"line":250,"column":25}},{"start":{"line":250,"column":29},"end":{"line":250,"column":37}}],"line":250}},"s":{"0":1,"1":1,"2":1,"3":1,"4":1,"5":1,"6":1,"7":4,"8":4,"9":4,"10":16,"11":4,"12":4,"13":1,"14":1,"15":1,"16":13,"17":13,"18":10,"19":10,"20":10,"21":0,"22":10,"23":10,"24":16,"25":10,"26":1,"27":9,"28":21,"29":9,"30":8,"31":9,"32":10,"33":0,"34":0,"35":0,"36":0,"37":0,"38":0,"39":0,"40":0,"41":0,"42":0,"43":0,"44":0,"45":0,"46":0,"47":0,"48":0,"49":0,"50":0,"51":0,"52":0,"53":0,"54":0,"55":0,"56":0,"57":0,"58":0,"59":0,"60":0,"61":0,"62":0,"63":0,"64":0,"65":0,"66":0,"67":0,"68":0,"69":0,"70":0,"71":0,"72":0,"73":0,"74":0,"75":0,"76":0,"77":0,"78":0,"79":0,"80":0,"81":0,"82":0,"83":0,"84":0,"85":0,"86":0,"87":0,"88":0,"89":0,"90":0,"91":0,"92":0,"93":0,"94":0,"95":0,"96":0,"97":0,"98":0,"99":0,"100":0,"101":0,"102":0,"103":0,"104":0},"f":{"0":1,"1":4,"2":16,"3":1,"4":13,"5":13,"6":10,"7":10,"8":16,"9":21,"10":1,"11":0,"12":0,"13":0,"14":0,"15":0,"16":0,"17":0,"18":0,"19":0,"20":0,"21":0,"22":0,"23":0,"24":0,"25":0},"b":{"0":[0,10],"1":[1,9],"2":[8,1],"3":[0,10],"4":[10,0],"5":[0,0],"6":[0,0],"7":[0,0],"8":[0,0],"9":[0,0],"10":[0,0],"11":[0,0]},"_coverageSchema":"1a1c01bbd47fc00a2c39e90264f33305004495a9","hash":"8d51743a7df72979da795d3c4675afd028d0aa9b"}
,"/Users/brianbacon/Projects/pegs-jokers/src/lib/firebase.ts": {"path":"/Users/brianbacon/Projects/pegs-jokers/src/lib/firebase.ts","statementMap":{"0":{"start":{"line":5,"column":23},"end":{"line":14,"column":1}},"1":{"start":{"line":17,"column":12},"end":{"line":17,"column":41}},"2":{"start":{"line":20,"column":24},"end":{"line":20,"column":40}},"3":{"start":{"line":23,"column":20},"end":{"line":23,"column":32}}},"fnMap":{},"branchMap":{},"s":{"0":0,"1":0,"2":0,"3":0},"f":{},"b":{}}
}
