TN:
SF:src/app/layout.tsx
FN:6,RootLayout
FNF:1
FNH:0
FNDA:0,RootLayout
DA:1,0
DA:7,0
LF:2
LH:0
BRF:0
BRH:0
end_of_record
TN:
SF:src/app/page.tsx
FN:5,Page
FNF:1
FNH:0
FNDA:0,Page
DA:6,0
LF:1
LH:0
BRF:0
BRH:0
end_of_record
TN:
SF:src/components/board/TrackDemo.tsx
FN:7,(anonymous_0)
FN:15,(anonymous_1)
FN:19,(anonymous_2)
FN:30,(anonymous_3)
FN:31,(anonymous_4)
FN:53,(anonymous_5)
FN:78,(anonymous_6)
FN:79,(anonymous_7)
FN:86,(anonymous_8)
FN:93,(anonymous_9)
FN:97,(anonymous_10)
FN:115,(anonymous_11)
FN:116,(anonymous_12)
FN:124,(anonymous_13)
FN:125,(anonymous_14)
FN:142,(anonymous_15)
FN:147,(anonymous_16)
FN:150,(anonymous_17)
FN:164,TrackDemo
FNF:19
FNH:0
FNDA:0,(anonymous_0)
FNDA:0,(anonymous_1)
FNDA:0,(anonymous_2)
FNDA:0,(anonymous_3)
FNDA:0,(anonymous_4)
FNDA:0,(anonymous_5)
FNDA:0,(anonymous_6)
FNDA:0,(anonymous_7)
FNDA:0,(anonymous_8)
FNDA:0,(anonymous_9)
FNDA:0,(anonymous_10)
FNDA:0,(anonymous_11)
FNDA:0,(anonymous_12)
FNDA:0,(anonymous_13)
FNDA:0,(anonymous_14)
FNDA:0,(anonymous_15)
FNDA:0,(anonymous_16)
FNDA:0,(anonymous_17)
FNDA:0,TrackDemo
DA:7,0
DA:8,0
DA:10,0
DA:11,0
DA:12,0
DA:13,0
DA:15,0
DA:16,0
DA:19,0
DA:20,0
DA:21,0
DA:29,0
DA:30,0
DA:31,0
DA:32,0
DA:33,0
DA:34,0
DA:35,0
DA:40,0
DA:54,0
DA:55,0
DA:56,0
DA:57,0
DA:58,0
DA:59,0
DA:60,0
DA:61,0
DA:62,0
DA:63,0
DA:64,0
DA:66,0
DA:79,0
DA:87,0
DA:94,0
DA:95,0
DA:98,0
DA:116,0
DA:117,0
DA:118,0
DA:119,0
DA:120,0
DA:121,0
DA:125,0
DA:143,0
DA:148,0
DA:150,0
DA:165,0
LF:47
LH:0
BRDA:7,0,0,0
BRDA:19,1,0,0
BRDA:19,2,0,0
BRDA:32,3,0,0
BRDA:32,3,1,0
BRDA:33,4,0,0
BRDA:33,4,1,0
BRDA:64,5,0,0
BRDA:64,5,1,0
BRDA:117,6,0,0
BRDA:117,6,1,0
BRDA:134,7,0,0
BRDA:134,7,1,0
BRDA:151,8,0,0
BRDA:151,8,1,0
BRDA:153,9,0,0
BRDA:153,9,1,0
BRF:17
BRH:0
end_of_record
TN:
SF:src/components/board/geometry.ts
FN:1,polarToXY
FN:8,slotAngle
FN:16,slotPosition
FNF:3
FNH:0
FNDA:0,polarToXY
FNDA:0,slotAngle
FNDA:0,slotPosition
DA:2,0
DA:13,0
DA:24,0
DA:25,0
LF:4
LH:0
BRDA:11,0,0,0
BRF:1
BRH:0
end_of_record
TN:
SF:src/components/board/useGame.ts
FN:48,(anonymous_0)
FN:57,(anonymous_1)
FN:60,(anonymous_2)
FN:68,(anonymous_3)
FN:88,(anonymous_4)
FN:89,(anonymous_5)
FN:94,(anonymous_6)
FN:100,(anonymous_7)
FN:101,(anonymous_8)
FN:103,(anonymous_9)
FN:133,(anonymous_10)
FN:139,(anonymous_11)
FN:141,(anonymous_12)
FN:162,(anonymous_13)
FN:172,(anonymous_14)
FN:179,(anonymous_15)
FN:181,(anonymous_16)
FN:188,(anonymous_17)
FN:192,(anonymous_18)
FN:200,(anonymous_19)
FN:202,(anonymous_20)
FN:208,(anonymous_21)
FN:217,(anonymous_22)
FN:225,(anonymous_23)
FN:236,(anonymous_24)
FN:248,(anonymous_25)
FNF:26
FNH:11
FNDA:1,(anonymous_0)
FNDA:4,(anonymous_1)
FNDA:16,(anonymous_2)
FNDA:1,(anonymous_3)
FNDA:13,(anonymous_4)
FNDA:13,(anonymous_5)
FNDA:10,(anonymous_6)
FNDA:10,(anonymous_7)
FNDA:16,(anonymous_8)
FNDA:21,(anonymous_9)
FNDA:1,(anonymous_10)
FNDA:0,(anonymous_11)
FNDA:0,(anonymous_12)
FNDA:0,(anonymous_13)
FNDA:0,(anonymous_14)
FNDA:0,(anonymous_15)
FNDA:0,(anonymous_16)
FNDA:0,(anonymous_17)
FNDA:0,(anonymous_18)
FNDA:0,(anonymous_19)
FNDA:0,(anonymous_20)
FNDA:0,(anonymous_21)
FNDA:0,(anonymous_22)
FNDA:0,(anonymous_23)
FNDA:0,(anonymous_24)
FNDA:0,(anonymous_25)
DA:47,1
DA:49,1
DA:50,1
DA:51,1
DA:54,1
DA:55,1
DA:57,1
DA:58,4
DA:59,4
DA:60,16
DA:64,4
DA:65,4
DA:68,1
DA:75,1
DA:89,13
DA:90,13
DA:95,10
DA:96,10
DA:97,10
DA:100,10
DA:101,16
DA:102,10
DA:103,21
DA:104,9
DA:105,8
DA:107,9
DA:111,10
DA:112,0
DA:113,0
DA:114,0
DA:117,0
DA:118,0
DA:125,0
DA:127,0
DA:140,0
DA:141,0
DA:142,0
DA:146,0
DA:147,0
DA:148,0
DA:150,0
DA:160,0
DA:162,0
DA:163,0
DA:164,0
DA:165,0
DA:168,0
DA:169,0
DA:171,0
DA:172,0
DA:173,0
DA:175,0
DA:180,0
DA:181,0
DA:182,0
DA:185,0
DA:188,0
DA:189,0
DA:190,0
DA:191,0
DA:192,0
DA:194,0
DA:195,0
DA:196,0
DA:201,0
DA:202,0
DA:203,0
DA:204,0
DA:208,0
DA:209,0
DA:210,0
DA:211,0
DA:214,0
DA:216,0
DA:217,0
DA:218,0
DA:219,0
DA:221,0
DA:227,0
DA:228,0
DA:229,0
DA:233,0
DA:236,0
DA:237,0
DA:238,0
DA:239,0
DA:240,0
DA:242,0
DA:245,0
DA:249,0
DA:250,0
DA:251,0
DA:252,0
DA:255,0
DA:256,0
DA:263,0
DA:264,0
DA:266,0
DA:267,0
LF:99
LH:27
BRDA:97,0,0,0
BRDA:97,0,1,10
BRDA:102,1,0,1
BRDA:102,1,1,9
BRDA:104,2,0,8
BRDA:104,2,1,1
BRDA:111,3,0,0
BRDA:111,3,1,10
BRDA:111,4,0,10
BRDA:111,4,1,0
BRDA:190,5,0,0
BRDA:190,5,1,0
BRDA:194,6,0,0
BRDA:194,6,1,0
BRDA:195,7,0,0
BRDA:195,7,1,0
BRDA:196,8,0,0
BRDA:196,8,1,0
BRDA:227,9,0,0
BRDA:227,9,1,0
BRDA:250,10,0,0
BRDA:250,10,1,0
BRDA:250,11,0,0
BRDA:250,11,1,0
BRF:24
BRH:7
end_of_record
TN:
SF:src/lib/firebase.ts
FNF:0
FNH:0
DA:5,0
DA:17,0
DA:20,0
DA:23,0
LF:4
LH:0
BRF:0
BRH:0
end_of_record
